Month: 1
Minimum monthly payment: 1.7e+02
Remaining balance: 4.1e+03
Month: 2
Minimum monthly payment: 1.6e+02
Remaining balance: 4e+03
Month: 3
Minimum monthly payment: 1.6e+02
Remaining balance: 3.9e+03
Month: 4
Minimum monthly payment: 1.6e+02
Remaining balance: 3.8e+03
Month: 5
Minimum monthly payment: 1.5e+02
Remaining balance: 3.7e+03
Month: 6
Minimum monthly payment: 1.5e+02
Remaining balance: 3.6e+03
Month: 7
Minimum monthly payment: 1.5e+02
Remaining balance: 3.6e+03
Month: 8
Minimum monthly payment: 1.4e+02
Remaining balance: 3.5e+03
Month: 9
Minimum monthly payment: 1.4e+02
Remaining balance: 3.4e+03
Month: 10
Minimum monthly payment: 1.4e+02
Remaining balance: 3.3e+03
Month: 11
Minimum monthly payment: 1.3e+02
Remaining balance: 3.2e+03
Month: 12
Minimum monthly payment: 1.3e+02
Remaining balance: 3.1e+03
Total paid: 1.8e+03
Remaining balance: 3.1e+03
